<?xml version="1.0" encoding="UTF-8"?>
<!-- Generated by org.testng.reporters.JUnitXMLReporter -->
<testsuite ignored="0" hostname="AnkitGautam" failures="0" tests="2" name="Error Validations Test" time="9.928" errors="0" timestamp="2025-03-31T08:10:14 IST">
  <testcase classname="rahulshettyacademy.tests.ErrorValidationsTest" name="loginErrorValidation" time="0.597"/>
  <testcase classname="rahulshettyacademy.tests.ErrorValidationsTest" name="productErrorValidation" time="2.281"/>
</testsuite> <!-- Error Validations Test -->
