<?xml version="1.0" encoding="UTF-8"?>
<!-- Generated by org.testng.reporters.JUnitXMLReporter -->
<testsuite ignored="0" hostname="AnkitGautam" failures="0" tests="3" name="Submit Order Test" time="18.557" errors="0" timestamp="2025-03-31T08:10:22 IST">
  <testcase classname="rahulshettyacademy.tests.SubmitOrderTest" name="submitOrder" time="3.204"/>
  <testcase classname="rahulshettyacademy.tests.SubmitOrderTest" name="submitOrder" time="3.442"/>
  <testcase classname="rahulshettyacademy.tests.SubmitOrderTest" name="OrderHistroyTest" time="0.642"/>
</testsuite> <!-- Submit Order Test -->
