<?xml version="1.0" encoding="UTF-8"?>
<!-- Generated by org.testng.reporters.JUnitXMLReporter -->
<testsuite ignored="0" hostname="AnkitGautam" failures="0" tests="3" name="Test" time="12.201" errors="0" timestamp="2025-03-29T15:22:22 IST">
  <testcase classname="rahulshettyacademy.tests.ErrorValidations" name="loginErrorValidation" time="0.484"/>
  <testcase classname="rahulshettyacademy.tests.ErrorValidations" name="productErrorValidation" time="2.099"/>
  <testcase classname="rahulshettyacademy.tests.SubmitOrderTest" name="submitOrder" time="2.895"/>
</testsuite> <!-- Test -->
