<?xml version="1.0" encoding="UTF-8"?>
<!-- Generated by org.testng.reporters.JUnitXMLReporter -->
<testsuite ignored="0" hostname="AnkitGautam" failures="0" tests="2" name="Error Validations Test" time="10.19" errors="0" timestamp="2025-03-30T15:51:49 IST">
  <testcase classname="rahulshettyacademy.tests.ErrorValidationsTest" name="loginErrorValidation" time="0.668"/>
  <testcase classname="rahulshettyacademy.tests.ErrorValidationsTest" name="productErrorValidation" time="2.51"/>
</testsuite> <!-- Error Validations Test -->
