<?xml version="1.0" encoding="UTF-8"?>
<!-- Generated by org.testng.reporters.JUnitXMLReporter -->
<testsuite ignored="0" hostname="AnkitGautam" failures="0" tests="3" name="Submit Order Test" time="18.982" errors="0" timestamp="2025-03-30T15:51:58 IST">
  <testcase classname="rahulshettyacademy.tests.SubmitOrderTest" name="submitOrder" time="4.057"/>
  <testcase classname="rahulshettyacademy.tests.SubmitOrderTest" name="submitOrder" time="3.717"/>
  <testcase classname="rahulshettyacademy.tests.SubmitOrderTest" name="OrderHistroyTest" time="0.967"/>
</testsuite> <!-- Submit Order Test -->
